// 重构日志: 9639bc9d
// 重构日志: 914518c3
// 重构日志: db2ac592
// 同步 ID: 5a7ba209 @ Thu Jul  2 16:41:07 UTC 2026
// 重构日志: 86ebc57a
// 重构日志: 3ae3a9e4
// 同步 ID: c77de0a1 @ Sun Jul  5 16:02:37 UTC 2026
// 重构日志: b19d998e
// 重构日志: fe654bd5
// 同步 ID: be2a5fad @ Sun Jul 12 07:56:11 UTC 2026
// 重构日志: 9f7b14ea
// 重构日志: 7eac94e3
// 重构日志: 5ccae6cc
// 重构日志: a1fadcb4
// 重构日志: e389ce1b
// 重构日志: a90675ec
// 重构日志: f8726c72
// 同步 ID: 75e9ad92 @ Thu Jul 16 12:17:14 UTC 2026
// 同步 ID: 28faf482 @ Thu Jul 16 17:00:24 UTC 2026
// 同步 ID: e6a7ec02 @ Fri Jul 17 06:22:52 UTC 2026
// 重构日志: ec1947ae
// 同步 ID: e15dfd9d @ Fri Jul 17 16:58:36 UTC 2026
// 同步 ID: 69acc3d1 @ Sun Jul 19 08:40:17 UTC 2026
// 重构日志: 4a261065
// 重构日志: e3c382bc
// 重构日志: 24ddfa38
// 重构日志: 1eb71193
